<?xml version="1.0" encoding="UTF-8"?>
<!-- Generated by org.testng.reporters.JUnitXMLReporter -->
<testsuite ignored="2" hostname="LAPTOP-A648GEG9" failures="0" tests="1" name="Surefire test" time="17.174" errors="0" timestamp="11 Apr 2020 12:45:20 GMT">
  <testcase classname="tests.UserSignUpTest" name="UserCanSignUpSuccessfully" time="17.128"/>
  <testcase classname="tests.TestBase" name="@BeforeSuite startDriver" time="0.0">
    <ignored/>
  </testcase> <!-- @BeforeSuite startDriver -->
  <testcase classname="tests.TestBase" name="@AfterSuite stopDriver" time="0.0">
    <ignored/>
  </testcase> <!-- @AfterSuite stopDriver -->
</testsuite> <!-- Surefire test -->
