<?xml version="1.0" encoding="UTF-8"?>
<testng-results ignored="2" total="3" passed="1" failed="0" skipped="0">
  <reporter-output>
  </reporter-output>
  <suite started-at="2020-04-11T12:45:03Z" name="Surefire suite" finished-at="2020-04-11T12:45:20Z" duration-ms="17174">
    <groups>
    </groups>
    <test started-at="2020-04-11T12:45:03Z" name="Surefire test" finished-at="2020-04-11T12:45:20Z" duration-ms="17174">
      <class name="tests.TestBase">
        <test-method is-config="true" signature="startDriver()[pri:0, instance:tests.TestBase@10dba097]" started-at="2020-04-11T12:44:43Z" name="startDriver" finished-at="2020-04-11T12:45:03Z" duration-ms="19638" status="PASS">
          <reporter-output>
          </reporter-output>
        </test-method> <!-- startDriver -->
        <test-method is-config="true" signature="stopDriver()[pri:0, instance:tests.TestBase@10dba097]" started-at="2020-04-11T12:45:20Z" name="stopDriver" finished-at="2020-04-11T12:45:21Z" duration-ms="895" status="PASS">
          <reporter-output>
          </reporter-output>
        </test-method> <!-- stopDriver -->
      </class> <!-- tests.TestBase -->
      <class name="tests.UserSignUpTest">
        <test-method signature="UserCanSignUpSuccessfully()[pri:0, instance:tests.UserSignUpTest@1786f9d5]" started-at="2020-04-11T12:45:03Z" name="UserCanSignUpSuccessfully" finished-at="2020-04-11T12:45:20Z" duration-ms="17128" status="PASS">
          <reporter-output>
          </reporter-output>
        </test-method> <!-- UserCanSignUpSuccessfully -->
      </class> <!-- tests.UserSignUpTest -->
    </test> <!-- Surefire test -->
  </suite> <!-- Surefire suite -->
</testng-results>
