<?xml version="1.0" encoding="UTF-8"?>
<testng-results ignored="0" total="1" passed="1" failed="0" skipped="0">
  <reporter-output>
  </reporter-output>
  <suite started-at="2020-04-13T22:51:33 EET" name="Default suite" finished-at="2020-04-13T22:51:38 EET" duration-ms="4455">
    <groups>
    </groups>
    <test started-at="2020-04-13T22:51:33 EET" name="Default test" finished-at="2020-04-13T22:51:38 EET" duration-ms="4455">
      <class name="tests.GetResponseTest">
        <test-method signature="testResponse()[pri:0, instance:tests.GetResponseTest@581ac8a8]" started-at="2020-04-13T22:51:33 EET" name="testResponse" finished-at="2020-04-13T22:51:37 EET" duration-ms="4288" status="PASS">
          <reporter-output>
          </reporter-output>
        </test-method> <!-- testResponse -->
      </class> <!-- tests.GetResponseTest -->
    </test> <!-- Default test -->
  </suite> <!-- Default suite -->
</testng-results>
